<?xml version="1.0" encoding="UTF-8"?>
<testng-results ignored="0" total="1" passed="1" failed="0" skipped="0">
  <reporter-output>
  </reporter-output>
  <suite started-at="2021-09-17T23:55:23 IST" name="Default suite" finished-at="2021-09-17T23:55:36 IST" duration-ms="13899">
    <groups>
    </groups>
    <test started-at="2021-09-17T23:55:23 IST" name="Default test" finished-at="2021-09-17T23:55:36 IST" duration-ms="13899">
      <class name="com.zoho.leads.CreateLeadTest">
        <test-method is-config="true" signature="openbrowser()[pri:0, instance:com.zoho.leads.CreateLeadTest@4b8ee4de]" started-at="2021-09-17T23:55:23 IST" name="openbrowser" finished-at="2021-09-17T23:55:25 IST" duration-ms="2499" status="PASS">
          <reporter-output>
          </reporter-output>
        </test-method> <!-- openbrowser -->
        <test-method signature="CreatenewLead()[pri:0, instance:com.zoho.leads.CreateLeadTest@4b8ee4de]" started-at="2021-09-17T23:55:25 IST" name="CreatenewLead" finished-at="2021-09-17T23:55:36 IST" duration-ms="11346" status="PASS">
          <reporter-output>
          </reporter-output>
        </test-method> <!-- CreatenewLead -->
      </class> <!-- com.zoho.leads.CreateLeadTest -->
    </test> <!-- Default test -->
  </suite> <!-- Default suite -->
</testng-results>
